<?xml version="1.0" encoding="UTF-8"?>
<!-- Generated by org.testng.reporters.JUnitReportReporter -->
<testsuite skipped="0" hostname="LT-NB-328" name="JenkinsHello.NewTest" tests="1" failures="0" timestamp="2021-12-23T02:34:16 EST" time="0.014" errors="0">
  <testcase name="f" time="0.014" classname="JenkinsHello.NewTest"/>
  <system-out/>
</testsuite> <!-- JenkinsHello.NewTest -->
